<?xml version="1.0" encoding="UTF-8"?>
<robot generator="Robot 4.0 (Python 3.9.2 on win32)" generated="20210329 21:11:18.508" rpa="false" schemaversion="2">
<suite id="s1" name="Robottest" source="C:\Praveen_Learning\Robotframework\robottest">
<suite id="s1-s1" name="Src" source="C:\Praveen_Learning\Robotframework\robottest\src">
<suite id="s1-s1-s1" name="Test" source="C:\Praveen_Learning\Robotframework\robottest\src\test">
<suite id="s1-s1-s1-s1" name="Robotframework" source="C:\Praveen_Learning\Robotframework\robottest\src\test\robotframework">
<suite id="s1-s1-s1-s1-s1" name="Acceptance" source="C:\Praveen_Learning\Robotframework\robottest\src\test\robotframework\acceptance">
<suite id="s1-s1-s1-s1-s1-s1" name="User Opreations" source="C:\Praveen_Learning\Robotframework\robottest\src\test\robotframework\acceptance\user_opreations.robot">
<test id="s1-s1-s1-s1-s1-s1-t1" name="Create user, Invalid details">
<kw name="Given A valid &quot;user_a&quot;" library="user_operation_implimenation" sourcename="A valid &quot;${user_alias}&quot;">
<kw name="Create actor" library="common_implimentation">
<arg>${user_alias}</arg>
<kw name="Create Dictionary" library="BuiltIn">
<var>&amp;{dict}</var>
<arg>${Empty}</arg>
<arg>${Empty}</arg>
<doc>Creates and returns a dictionary based on the given ``items``.</doc>
<msg timestamp="20210329 21:11:18.619" level="INFO">&amp;{dict} = { = }</msg>
<status status="PASS" starttime="20210329 21:11:18.617" endtime="20210329 21:11:18.619"/>
</kw>
<kw name="Set To Dictionary" library="Collections">
<arg>${actors}</arg>
<arg>${dict_name}</arg>
<arg>${dict}</arg>
<doc>Adds the given ``key_value_pairs`` and ``items`` to the ``dictionary``.</doc>
<status status="PASS" starttime="20210329 21:11:18.619" endtime="20210329 21:11:18.619"/>
</kw>
<kw name="Remove From Dictionary" library="Collections">
<arg>${actors["${dict_name}"]}</arg>
<arg>${Empty}</arg>
<doc>Removes the given ``keys`` from the ``dictionary``.</doc>
<msg timestamp="20210329 21:11:18.621" level="INFO">Removed item with key '' and value ''.</msg>
<status status="PASS" starttime="20210329 21:11:18.619" endtime="20210329 21:11:18.621"/>
</kw>
<status status="PASS" starttime="20210329 21:11:18.616" endtime="20210329 21:11:18.621"/>
</kw>
<status status="PASS" starttime="20210329 21:11:18.615" endtime="20210329 21:11:18.621"/>
</kw>
<kw name="And &quot;user_a&quot; with valid &quot;name&quot; &quot;James Thomas2&quot;" library="user_operation_implimenation" sourcename="&quot;${user_alias}&quot; with valid &quot;${key_name}&quot; &quot;${key_value}&quot;">
<kw name="Set actor" library="common_implimentation">
<arg>${user_alias}</arg>
<arg>${key_name}</arg>
<arg>${key_value}</arg>
<kw name="Set To Dictionary" library="Collections">
<arg>${actors["${dict_name}"]}</arg>
<arg>${key}</arg>
<arg>${value}</arg>
<doc>Adds the given ``key_value_pairs`` and ``items`` to the ``dictionary``.</doc>
<status status="PASS" starttime="20210329 21:11:18.623" endtime="20210329 21:11:18.623"/>
</kw>
<status status="PASS" starttime="20210329 21:11:18.622" endtime="20210329 21:11:18.623"/>
</kw>
<status status="PASS" starttime="20210329 21:11:18.622" endtime="20210329 21:11:18.624"/>
</kw>
<kw name="And &quot;user_a&quot; with valid email &quot;%&amp;#¤&amp;#¤%#¤%#¤%&quot;" library="user_operation_implimenation" sourcename="&quot;${user_alias}&quot; with valid email &quot;${user_email}&quot;">
<kw name="Set actor" library="common_implimentation">
<arg>${user_alias}</arg>
<arg>email</arg>
<arg>${user_email}</arg>
<kw name="Set To Dictionary" library="Collections">
<arg>${actors["${dict_name}"]}</arg>
<arg>${key}</arg>
<arg>${value}</arg>
<doc>Adds the given ``key_value_pairs`` and ``items`` to the ``dictionary``.</doc>
<status status="PASS" starttime="20210329 21:11:18.625" endtime="20210329 21:11:18.626"/>
</kw>
<status status="PASS" starttime="20210329 21:11:18.625" endtime="20210329 21:11:18.626"/>
</kw>
<status status="PASS" starttime="20210329 21:11:18.625" endtime="20210329 21:11:18.626"/>
</kw>
<kw name="And &quot;user_a&quot; with valid gender &quot;Male&quot;" library="user_operation_implimenation" sourcename="&quot;${user_alias}&quot; with valid gender &quot;${user_gender}&quot;">
<kw name="Set actor" library="common_implimentation">
<arg>${user_alias}</arg>
<arg>gender</arg>
<arg>${user_gender}</arg>
<kw name="Set To Dictionary" library="Collections">
<arg>${actors["${dict_name}"]}</arg>
<arg>${key}</arg>
<arg>${value}</arg>
<doc>Adds the given ``key_value_pairs`` and ``items`` to the ``dictionary``.</doc>
<status status="PASS" starttime="20210329 21:11:18.628" endtime="20210329 21:11:18.629"/>
</kw>
<status status="PASS" starttime="20210329 21:11:18.627" endtime="20210329 21:11:18.629"/>
</kw>
<status status="PASS" starttime="20210329 21:11:18.626" endtime="20210329 21:11:18.629"/>
</kw>
<kw name="And &quot;user_a&quot; with valid status &quot;Active&quot;" library="user_operation_implimenation" sourcename="&quot;${user_alias}&quot; with valid status &quot;${user_status}&quot;">
<kw name="Set actor" library="common_implimentation">
<arg>${user_alias}</arg>
<arg>status</arg>
<arg>${user_status}</arg>
<kw name="Set To Dictionary" library="Collections">
<arg>${actors["${dict_name}"]}</arg>
<arg>${key}</arg>
<arg>${value}</arg>
<doc>Adds the given ``key_value_pairs`` and ``items`` to the ``dictionary``.</doc>
<status status="PASS" starttime="20210329 21:11:18.631" endtime="20210329 21:11:18.632"/>
</kw>
<status status="PASS" starttime="20210329 21:11:18.630" endtime="20210329 21:11:18.632"/>
</kw>
<kw name="Log" library="BuiltIn">
<arg>${actors}</arg>
<doc>Logs the given message with the given level.</doc>
<msg timestamp="20210329 21:11:18.633" level="INFO">{'user_a': {'name': 'James Thomas2', 'email': '%&amp;#¤&amp;#¤%#¤%#¤%', 'gender': 'Male', 'status': 'Active'}}</msg>
<status status="PASS" starttime="20210329 21:11:18.632" endtime="20210329 21:11:18.634"/>
</kw>
<status status="PASS" starttime="20210329 21:11:18.630" endtime="20210329 21:11:18.634"/>
</kw>
<kw name="Log" library="BuiltIn">
<arg>${actors}</arg>
<doc>Logs the given message with the given level.</doc>
<msg timestamp="20210329 21:11:18.635" level="INFO">{'user_a': {'name': 'James Thomas2', 'email': '%&amp;#¤&amp;#¤%#¤%#¤%', 'gender': 'Male', 'status': 'Active'}}</msg>
<status status="PASS" starttime="20210329 21:11:18.634" endtime="20210329 21:11:18.635"/>
</kw>
<kw name="When user creates A New user &quot;user_a&quot;" library="user_operation_implimenation" sourcename="user creates A New user &quot;${user_alias}&quot;">
<kw name="Get actor" library="common_implimentation">
<var>${data_load}</var>
<arg>${user_alias}</arg>
<kw name="Get From Dictionary" library="Collections">
<var>${value}</var>
<arg>${actors}</arg>
<arg>${dict_name}</arg>
<doc>Returns a value from the given ``dictionary`` based on the given ``key``.</doc>
<msg timestamp="20210329 21:11:18.637" level="INFO">${value} = {'name': 'James Thomas2', 'email': '%&amp;#¤&amp;#¤%#¤%#¤%', 'gender': 'Male', 'status': 'Active'}</msg>
<status status="PASS" starttime="20210329 21:11:18.637" endtime="20210329 21:11:18.637"/>
</kw>
<msg timestamp="20210329 21:11:18.637" level="INFO">${data_load} = {'name': 'James Thomas2', 'email': '%&amp;#¤&amp;#¤%#¤%#¤%', 'gender': 'Male', 'status': 'Active'}</msg>
<status status="PASS" starttime="20210329 21:11:18.636" endtime="20210329 21:11:18.637"/>
</kw>
<kw name="post a new user creation rest call" library="user_operation_rest">
<var>${response}</var>
<arg>${data_load}</arg>
<kw name="Create Dictionary" library="BuiltIn">
<var>&amp;{headers}</var>
<arg>Accept</arg>
<arg>application/json</arg>
<arg>Content-Type</arg>
<arg>application/json</arg>
<arg>Authorization</arg>
<arg>Bearer 69bf10c972c282ca767c5405f90fb1449f8b80b96c3d82bdea0e4cfa2b023cf8</arg>
<doc>Creates and returns a dictionary based on the given ``items``.</doc>
<msg timestamp="20210329 21:11:18.637" level="INFO">&amp;{headers} = { Accept=application/json | Content-Type=application/json | Authorization=Bearer 69bf10c972c282ca767c5405f90fb1449f8b80b96c3d82bdea0e4cfa2b023cf8 }</msg>
<status status="PASS" starttime="20210329 21:11:18.637" endtime="20210329 21:11:18.637"/>
</kw>
<kw name="Evaluate" library="BuiltIn">
<var>${json_payload}</var>
<arg>json.dumps(${payload})</arg>
<arg>json</arg>
<doc>Evaluates the given expression in Python and returns the result.</doc>
<msg timestamp="20210329 21:11:18.643" level="INFO">${json_payload} = {"name": "James Thomas2", "email": "%&amp;#\u00a4&amp;#\u00a4%#\u00a4%#\u00a4%", "gender": "Male", "status": "Active"}</msg>
<status status="PASS" starttime="20210329 21:11:18.637" endtime="20210329 21:11:18.643"/>
</kw>
<kw name="Create Session">
<arg>httpbin</arg>
<arg>${testServer}</arg>
<msg timestamp="20210329 21:11:18.644" level="FAIL">No keyword with name 'Create Session' found.</msg>
<status status="FAIL" starttime="20210329 21:11:18.644" endtime="20210329 21:11:18.644"/>
</kw>
<kw name="Post Request">
<var>${resp}=</var>
<arg>httpbin</arg>
<arg>/users</arg>
<arg>data=${json_payload}</arg>
<arg>headers=${headers}</arg>
<status status="NOT RUN" starttime="20210329 21:11:18.644" endtime="20210329 21:11:18.644"/>
</kw>
<kw name="Should Be Equal As Strings" library="BuiltIn">
<arg>${resp.status_code}</arg>
<arg>200</arg>
<doc>Fails if objects are unequal after converting them to strings.</doc>
<status status="NOT RUN" starttime="20210329 21:11:18.644" endtime="20210329 21:11:18.644"/>
</kw>
<status status="FAIL" starttime="20210329 21:11:18.637" endtime="20210329 21:11:18.644"/>
</kw>
<kw name="Set Suite Variable" library="BuiltIn">
<arg>${respo}</arg>
<arg>${response}</arg>
<doc>Makes a variable available everywhere within the scope of the current suite.</doc>
<status status="NOT RUN" starttime="20210329 21:11:18.644" endtime="20210329 21:11:18.644"/>
</kw>
<status status="FAIL" starttime="20210329 21:11:18.636" endtime="20210329 21:11:18.644"/>
</kw>
<kw name="Then &quot;user_a&quot; receives a response with code &quot;422.0&quot;" library="user_operation_implimenation" sourcename="&quot;${user_alias}&quot; receives a response with code &quot;${code}&quot;">
<status status="NOT RUN" starttime="20210329 21:11:18.647" endtime="20210329 21:11:18.647"/>
</kw>
<kw name="And Respose contains Error Message Field &quot;email&quot; &quot;is invalid&quot;" library="user_operation_implimenation" sourcename="Respose contains Error Message Field &quot;${field_name}&quot; &quot;${error_message}&quot;">
<status status="NOT RUN" starttime="20210329 21:11:18.647" endtime="20210329 21:11:18.647"/>
</kw>
<tag>Test2</tag>
<status status="FAIL" starttime="20210329 21:11:18.614" endtime="20210329 21:11:18.649">No keyword with name 'Create Session' found.</status>
</test>
<status status="FAIL" starttime="20210329 21:11:18.582" endtime="20210329 21:11:18.651"/>
</suite>
<status status="FAIL" starttime="20210329 21:11:18.577" endtime="20210329 21:11:18.654"/>
</suite>
<status status="FAIL" starttime="20210329 21:11:18.574" endtime="20210329 21:11:18.657"/>
</suite>
<status status="FAIL" starttime="20210329 21:11:18.572" endtime="20210329 21:11:18.660"/>
</suite>
<status status="FAIL" starttime="20210329 21:11:18.569" endtime="20210329 21:11:18.663"/>
</suite>
<status status="FAIL" starttime="20210329 21:11:18.510" endtime="20210329 21:11:18.666"/>
</suite>
<statistics>
<total>
<stat pass="0" fail="1" skip="0">All Tests</stat>
</total>
<tag>
<stat pass="0" fail="1" skip="0">Test2</stat>
</tag>
<suite>
<stat pass="0" fail="1" skip="0" id="s1" name="Robottest">Robottest</stat>
<stat pass="0" fail="1" skip="0" id="s1-s1" name="Src">Robottest.Src</stat>
<stat pass="0" fail="1" skip="0" id="s1-s1-s1" name="Test">Robottest.Src.Test</stat>
<stat pass="0" fail="1" skip="0" id="s1-s1-s1-s1" name="Robotframework">Robottest.Src.Test.Robotframework</stat>
<stat pass="0" fail="1" skip="0" id="s1-s1-s1-s1-s1" name="Acceptance">Robottest.Src.Test.Robotframework.Acceptance</stat>
<stat pass="0" fail="1" skip="0" id="s1-s1-s1-s1-s1-s1" name="User Opreations">Robottest.Src.Test.Robotframework.Acceptance.User Opreations</stat>
</suite>
</statistics>
<errors>
<msg timestamp="20210329 21:11:18.609" level="ERROR">Error in file 'C:\Praveen_Learning\Robotframework\robottest\src\test\robotframework\acceptance\user_operation_rest.robot' on line 2: Importing library 'HttpRequestLibrary' failed: ModuleNotFoundError: No module named 'HttpRequestLibrary'
Traceback (most recent call last):
  None
PYTHONPATH:
  C:\Users\somanpra\AppData\Local\Programs\Python\Python39\Scripts\robot.exe
  c:\users\somanpra\appdata\local\programs\python\python39\python39.zip
  c:\users\somanpra\appdata\local\programs\python\python39\DLLs
  c:\users\somanpra\appdata\local\programs\python\python39\lib
  c:\users\somanpra\appdata\local\programs\python\python39
  C:\Users\somanpra\AppData\Roaming\Python\Python39\site-packages
  c:\users\somanpra\appdata\local\programs\python\python39\lib\site-packages</msg>
</errors>
</robot>
